c:\_programming\git_project\ci_calenderforstudent_project\ci_calenderforstudent_project\ci_calenderforstudent_project\x64\debug\vc142.pdb
c:\_programming\git_project\ci_calenderforstudent_project\ci_calenderforstudent_project\ci_calenderforstudent_project\x64\debug\vc142.idb
c:\_programming\git_project\ci_calenderforstudent_project\ci_calenderforstudent_project\ci_calenderforstudent_project\x64\debug\printcalender2022.obj
c:\_programming\git_project\ci_calenderforstudent_project\ci_calenderforstudent_project\ci_calenderforstudent_project\x64\debug\password.obj
c:\_programming\git_project\ci_calenderforstudent_project\ci_calenderforstudent_project\ci_calenderforstudent_project\x64\debug\makehomework.obj
c:\_programming\git_project\ci_calenderforstudent_project\ci_calenderforstudent_project\ci_calenderforstudent_project\x64\debug\daydiff.obj
c:\_programming\git_project\ci_calenderforstudent_project\ci_calenderforstudent_project\ci_calenderforstudent_project\x64\debug\main.obj
c:\_programming\git_project\ci_calenderforstudent_project\ci_calenderforstudent_project\ci_calenderforstudent_project\x64\debug\showdaydiff.obj
c:\_programming\git_project\ci_calenderforstudent_project\ci_calenderforstudent_project\ci_calenderforstudent_project\x64\debug\showhomework.obj
c:\_programming\git_project\ci_calenderforstudent_project\ci_calenderforstudent_project\ci_calenderforstudent_project\x64\debug\stringsearch.obj
c:\_programming\git_project\ci_calenderforstudent_project\ci_calenderforstudent_project\x64\debug\ci_calenderforstudent_project.exe
c:\_programming\git_project\ci_calenderforstudent_project\ci_calenderforstudent_project\ci_calenderforstudent_project\x64\debug\ci_calenderforstudent_project.ilk
c:\_programming\git_project\ci_calenderforstudent_project\ci_calenderforstudent_project\x64\debug\ci_calenderforstudent_project.pdb
c:\_programming\git_project\ci_calenderforstudent_project\ci_calenderforstudent_project\ci_calenderforstudent_project\x64\debug\deletehomework.obj
c:\_programming\git_project\ci_calenderforstudent_project\ci_calenderforstudent_project\ci_calenderforstudent_project\x64\debug\deletehomework.obj.enc
c:\_programming\git_project\ci_calenderforstudent_project\ci_calenderforstudent_project\ci_calenderforstudent_project\x64\debug\stringsearch.obj.enc
c:\_programming\git_project\ci_calenderforstudent_project\ci_calenderforstudent_project\ci_calenderforstudent_project\x64\debug\ci_calen.45754894.tlog\cl.command.1.tlog
c:\_programming\git_project\ci_calenderforstudent_project\ci_calenderforstudent_project\ci_calenderforstudent_project\x64\debug\ci_calen.45754894.tlog\cl.read.1.tlog
c:\_programming\git_project\ci_calenderforstudent_project\ci_calenderforstudent_project\ci_calenderforstudent_project\x64\debug\ci_calen.45754894.tlog\cl.write.1.tlog
c:\_programming\git_project\ci_calenderforstudent_project\ci_calenderforstudent_project\ci_calenderforstudent_project\x64\debug\ci_calen.45754894.tlog\link.command.1.tlog
c:\_programming\git_project\ci_calenderforstudent_project\ci_calenderforstudent_project\ci_calenderforstudent_project\x64\debug\ci_calen.45754894.tlog\link.read.1.tlog
c:\_programming\git_project\ci_calenderforstudent_project\ci_calenderforstudent_project\ci_calenderforstudent_project\x64\debug\ci_calen.45754894.tlog\link.write.1.tlog
